\BOOKMARK [0][-]{dummy.1}{\376\377\000R\000e\000s\000u\000m\000e\000n}{}% 1
\BOOKMARK [0][-]{dummy.2}{\376\377\000A\000b\000s\000t\000r\000a\000c\000t}{}% 2
\BOOKMARK [0][-]{dummy.3}{\376\377\000A\000g\000r\000a\000d\000e\000c\000i\000m\000i\000e\000n\000t\000o\000s}{}% 3
\BOOKMARK [0][-]{dummy.4}{\376\377\000\315\000n\000d\000i\000c\000e\000\040\000g\000e\000n\000e\000r\000a\000l}{}% 4
\BOOKMARK [0][-]{chapter.6}{\376\377\0001\000\040\000I\000n\000t\000r\000o\000d\000u\000c\000c\000i\000\363\000n\000:\000\040\000F\000u\000n\000d\000a\000m\000e\000n\000t\000o\000s\000\040\000d\000e\000\040\000e\000l\000e\000c\000t\000r\000o\000m\000a\000g\000n\000e\000t\000i\000s\000m\000o}{}% 5
\BOOKMARK [1][-]{section.7}{\376\377\0001\000.\0001\000\040\000R\000e\000s\000e\000\361\000a\000\040\000h\000i\000s\000t\000\363\000r\000i\000c\000a}{chapter.6}% 6
\BOOKMARK [1][-]{section.8}{\376\377\0001\000.\0002\000\040\000E\000c\000u\000a\000c\000i\000o\000n\000e\000s\000\040\000d\000e\000\040\000M\000a\000x\000w\000e\000l\000l}{chapter.6}% 7
\BOOKMARK [2][-]{subsection.12}{\376\377\0001\000.\0002\000.\0001\000\040\000C\000a\000m\000p\000o\000s\000\040\000e\000n\000\040\000m\000e\000d\000i\000o\000s\000\040\000m\000a\000t\000e\000r\000i\000a\000l\000e\000s}{section.8}% 8
\BOOKMARK [2][-]{subsection.22}{\376\377\0001\000.\0002\000.\0002\000\040\000A\000n\000\341\000l\000i\000s\000i\000s\000\040\000d\000e\000\040\000a\000u\000t\000o\000m\000o\000d\000o\000s}{section.8}% 9
\BOOKMARK [2][-]{subsection.28}{\376\377\0001\000.\0002\000.\0003\000\040\000C\000o\000n\000d\000i\000c\000i\000o\000n\000e\000s\000\040\000d\000e\000\040\000b\000o\000r\000d\000e}{section.8}% 10
\BOOKMARK [3][-]{section*.35}{\376\377\000C\000a\000m\000p\000o\000s\000\040\000s\000o\000b\000r\000e\000\040\000u\000n\000a\000\040\000s\000u\000p\000e\000r\000f\000i\000c\000i\000e\000\040\000d\000i\000e\000l\000\351\000c\000t\000r\000i\000c\000a}{subsection.28}% 11
\BOOKMARK [4][-]{section*.36}{\376\377\000C\000a\000m\000p\000o\000s\000\040\000s\000o\000b\000r\000e\000\040\000u\000n\000a\000\040\000s\000u\000p\000e\000r\000f\000i\000c\000i\000e\000\040\000c\000o\000n\000d\000u\000c\000t\000o\000r\000a\000\040\000e\000l\000\351\000c\000t\000r\000i\000c\000a}{section*.35}% 12
\BOOKMARK [4][-]{section*.38}{\376\377\000C\000a\000m\000p\000o\000s\000\040\000s\000o\000b\000r\000e\000\040\000u\000n\000a\000\040\000s\000u\000p\000e\000r\000f\000i\000c\000i\000e\000\040\000c\000o\000n\000d\000u\000c\000t\000o\000r\000a\000\040\000m\000a\000g\000n\000\351\000t\000i\000c\000a}{section*.35}% 13
\BOOKMARK [1][-]{section.39}{\376\377\0001\000.\0003\000\040\000E\000c\000u\000a\000c\000i\000\363\000n\000\040\000d\000e\000\040\000o\000n\000d\000a}{chapter.6}% 14
\BOOKMARK [1][-]{section.57}{\376\377\0001\000.\0004\000\040\000G\000u\000i\000a\000s\000\040\000d\000e\000\040\000o\000n\000d\000a\000s}{chapter.6}% 15
\BOOKMARK [1][-]{section.60}{\376\377\0001\000.\0005\000\040\000O\000n\000d\000a\000s\000\040\000d\000e\000\040\000s\000u\000p\000e\000r\000f\000i\000c\000i\000e}{chapter.6}% 16
\BOOKMARK [1][-]{section.114}{\376\377\0001\000.\0006\000\040\000L\000\355\000n\000e\000a\000s\000\040\000d\000e\000\040\000t\000r\000a\000n\000s\000m\000i\000s\000i\000\363\000n}{chapter.6}% 17
\BOOKMARK [2][-]{subsection.126}{\376\377\0001\000.\0006\000.\0001\000\040\000L\000\355\000n\000e\000a\000\040\000m\000i\000c\000r\000o\000s\000t\000r\000i\000p}{section.114}% 18
\BOOKMARK [1][-]{section.131}{\376\377\0001\000.\0007\000\040\000A\000n\000t\000e\000n\000a\000s}{chapter.6}% 19
\BOOKMARK [2][-]{subsection.132}{\376\377\0001\000.\0007\000.\0001\000\040\000R\000e\000g\000i\000o\000n\000e\000s\000\040\000d\000e\000\040\000c\000a\000m\000p\000o}{section.131}% 20
\BOOKMARK [2][-]{subsection.133}{\376\377\0001\000.\0007\000.\0002\000\040\000D\000i\000a\000g\000r\000a\000m\000a\000s\000\040\000d\000e\000\040\000r\000a\000d\000i\000a\000c\000i\000\363\000n}{section.131}% 21
\BOOKMARK [2][-]{subsection.134}{\376\377\0001\000.\0007\000.\0003\000\040\000I\000m\000p\000e\000d\000a\000n\000c\000i\000a\000\040\000d\000e\000\040\000e\000n\000t\000r\000a\000d\000a}{section.131}% 22
\BOOKMARK [2][-]{subsection.135}{\376\377\0001\000.\0007\000.\0004\000\040\000A\000r\000r\000e\000g\000l\000o\000s\000\040\000d\000e\000\040\000a\000n\000t\000e\000n\000a\000s}{section.131}% 23
\BOOKMARK [2][-]{subsection.139}{\376\377\0001\000.\0007\000.\0005\000\040\000A\000c\000o\000p\000l\000a\000m\000i\000e\000n\000t\000o\000\040\000m\000u\000t\000u\000o}{section.131}% 24
\BOOKMARK [2][-]{subsection.144}{\376\377\0001\000.\0007\000.\0006\000\040\000A\000n\000t\000e\000n\000a\000s\000\040\000m\000i\000c\000r\000o\000s\000t\000r\000i\000p}{section.131}% 25
\BOOKMARK [3][-]{subsubsection.145}{\376\377\0001\000.\0007\000.\0006\000.\0001\000\040\000M\000o\000d\000e\000l\000o\000\040\000d\000e\000\040\000l\000\355\000n\000e\000a\000s\000\040\000d\000e\000\040\000t\000r\000a\000n\000s\000m\000i\000s\000i\000\363\000n}{subsection.144}% 26
\BOOKMARK [3][-]{subsubsection.152}{\376\377\0001\000.\0007\000.\0006\000.\0002\000\040\000M\000o\000d\000e\000l\000o\000\040\000d\000e\000\040\000c\000a\000v\000i\000d\000a\000d\000e\000s\000\040\000m\000u\000l\000t\000i\000m\000o\000d\000o}{subsection.144}% 27
\BOOKMARK [2][-]{subsection.159}{\376\377\0001\000.\0007\000.\0007\000\040\000A\000c\000o\000p\000l\000a\000m\000i\000e\000n\000t\000o\000\040\000m\000u\000t\000u\000o\000\040\000e\000n\000\040\000a\000n\000t\000e\000n\000a\000s\000\040\000m\000i\000c\000r\000o\000s\000t\000r\000i\000p}{section.131}% 28
\BOOKMARK [0][-]{chapter.161}{\376\377\0002\000\040\000F\000u\000n\000d\000a\000m\000e\000n\000t\000o\000s\000\040\000d\000e\000\040\000e\000s\000t\000r\000u\000c\000t\000u\000r\000a\000s\000\040\000d\000e\000\040\000E\000B\000G}{}% 29
\BOOKMARK [1][-]{section.162}{\376\377\0002\000.\0001\000\040\000I\000n\000t\000r\000o\000d\000u\000c\000c\000i\000\363\000n\000:\000\040\000M\000e\000t\000a\000m\000a\000t\000e\000r\000i\000a\000l\000e\000s\000,\000\040\000m\000a\000t\000e\000r\000i\000a\000l\000e\000s\000\040\000p\000e\000r\000i\000\363\000d\000i\000c\000o\000s\000\040\000y\000\040\000E\000B\000G\000s}{chapter.161}% 30
\BOOKMARK [1][-]{section.170}{\376\377\0002\000.\0002\000\040\000C\000e\000l\000d\000a\000s\000\040\000u\000n\000i\000t\000a\000r\000i\000a\000s\000\040\000d\000e\000\040\000c\000r\000i\000s\000t\000a\000l\000e\000s\000\040\000b\000i\000d\000i\000m\000e\000n\000s\000i\000o\000n\000a\000l\000e\000s}{chapter.161}% 31
\BOOKMARK [1][-]{section.179}{\376\377\0002\000.\0003\000\040\000T\000e\000o\000r\000e\000m\000a\000\040\000d\000e\000\040\000B\000l\000o\000c\000h\000-\000F\000l\000o\000q\000u\000e\000t}{chapter.161}% 32
\BOOKMARK [1][-]{section.186}{\376\377\0002\000.\0004\000\040\000R\000e\000l\000a\000c\000i\000\363\000n\000\040\000y\000\040\000d\000i\000a\000g\000r\000a\000m\000a\000\040\000d\000e\000\040\000d\000i\000s\000p\000e\000r\000s\000i\000\363\000n}{chapter.161}% 33
\BOOKMARK [0][-]{chapter.206}{\376\377\0003\000\040\000E\000s\000t\000u\000d\000i\000o\000\040\000y\000\040\000d\000i\000s\000e\000\361\000o\000\040\000d\000e\000\040\000e\000s\000t\000r\000u\000c\000t\000u\000r\000a\000s\000\040\000d\000e\000\040\000b\000a\000n\000d\000a\000\040\000p\000r\000o\000h\000i\000b\000i\000d\000a\000\040\000e\000l\000e\000c\000t\000r\000o\000m\000a\000g\000n\000\351\000t\000i\000c\000a}{}% 34
\BOOKMARK [1][-]{section.207}{\376\377\0003\000.\0001\000\040\000M\000o\000d\000e\000l\000o\000s\000\040\000a\000n\000a\000l\000\355\000t\000i\000c\000o\000s\000\040\000d\000e\000\040\000e\000s\000t\000r\000u\000c\000t\000u\000r\000a\000s\000\040\000u\000n\000i\000p\000l\000a\000n\000a\000r\000e\000s\000\040\000d\000e\000\040\000b\000a\000n\000d\000a\000\040\000p\000r\000o\000h\000i\000b\000i\000d\000a\000\040\000e\000l\000e\000c\000t\000r\000o\000m\000a\000g\000n\000\351\000t\000i\000c\000a}{chapter.206}% 35
\BOOKMARK [1][-]{section.219}{\376\377\0003\000.\0002\000\040\000T\000\351\000c\000n\000i\000c\000a\000s\000\040\000n\000u\000m\000\351\000r\000i\000c\000a\000s\000\040\000d\000e\000\040\000o\000n\000d\000a\000\040\000c\000o\000m\000p\000l\000e\000t\000a}{chapter.206}% 36
\BOOKMARK [1][-]{section.221}{\376\377\0003\000.\0003\000\040\000A\000n\000\341\000l\000i\000s\000i\000s\000\040\000d\000e\000\040\000c\000a\000m\000p\000o\000s\000\040\000y\000\040\000m\000o\000d\000o\000s\000\040\000p\000a\000r\000a\000\040\000d\000i\000s\000t\000i\000n\000t\000a\000s\000\040\000e\000s\000t\000r\000u\000c\000t\000u\000r\000a\000s}{chapter.206}% 37
\BOOKMARK [2][-]{subsection.222}{\376\377\0003\000.\0003\000.\0001\000\040\000M\000e\000t\000a\000m\000a\000t\000e\000r\000i\000a\000l\000\040\000f\000o\000r\000m\000a\000d\000o\000\040\000p\000o\000r\000\040\000p\000a\000r\000c\000h\000e\000s\000\040\000c\000u\000a\000d\000r\000a\000d\000o\000s\000\040\000u\000n\000i\000d\000o\000s\000\040\000p\000o\000r\000\040\000f\000i\000n\000a\000s\000\040\000t\000r\000a\000z\000a\000s\000\040\000m\000i\000c\000r\000o\000s\000t\000r\000i\000p}{section.221}% 38
\BOOKMARK [3][-]{subsubsection.228}{\376\377\0003\000.\0003\000.\0001\000.\0001\000\040\000A\000n\000\341\000l\000i\000s\000i\000s\000\040\000d\000e\000\040\000u\000n\000\040\000d\000i\000a\000g\000r\000a\000m\000a\000\040\000d\000e\000\040\000d\000i\000s\000p\000e\000r\000s\000i\000\363\000n\000\040\000t\000\355\000p\000i\000c\000o}{subsection.222}% 39
\BOOKMARK [3][-]{subsubsection.230}{\376\377\0003\000.\0003\000.\0001\000.\0002\000\040\000E\000f\000e\000c\000t\000o\000\040\000d\000e\000\040\000l\000a\000\040\000v\000a\000r\000i\000a\000c\000i\000\363\000n\000\040\000d\000e\000l\000\040\000a\000n\000c\000h\000o\000\040\000d\000e\000l\000\040\000p\000u\000e\000n\000t\000e\000\040\000m\000i\000c\000r\000o\000s\000t\000r\000i\000p}{subsection.222}% 40
\BOOKMARK [3][-]{subsubsection.233}{\376\377\0003\000.\0003\000.\0001\000.\0003\000\040\000E\000f\000e\000c\000t\000o\000\040\000d\000e\000l\000\040\000e\000s\000c\000a\000l\000a\000m\000i\000e\000n\000t\000o\000\040\000d\000e\000\040\000l\000a\000\040\000c\000e\000l\000d\000a\000\040\000u\000n\000i\000t\000a\000r\000i\000a}{subsection.222}% 41
\BOOKMARK [3][-]{subsubsection.236}{\376\377\0003\000.\0003\000.\0001\000.\0004\000\040\000E\000f\000e\000c\000t\000o\000\040\000d\000e\000\040\000l\000a\000\040\000v\000a\000r\000i\000a\000c\000i\000\363\000n\000\040\000d\000e\000l\000\040\000t\000a\000m\000a\000\361\000o\000\040\000d\000e\000l\000\040\000p\000a\000r\000c\000h\000e\000\040\000m\000e\000t\000\341\000l\000i\000c\000o}{subsection.222}% 42
\BOOKMARK [3][-]{subsubsection.239}{\376\377\0003\000.\0003\000.\0001\000.\0005\000\040\000V\000a\000r\000i\000a\000c\000i\000\363\000n\000\040\000d\000e\000\040\000l\000a\000\040\000l\000o\000n\000g\000i\000t\000u\000d\000\040\000d\000e\000\040\000l\000o\000s\000\040\000p\000u\000e\000n\000t\000e\000s}{subsection.222}% 43
\BOOKMARK [3][-]{subsubsection.242}{\376\377\0003\000.\0003\000.\0001\000.\0006\000\040\000E\000f\000e\000c\000t\000o\000\040\000d\000e\000\040\000l\000a\000\040\000v\000a\000r\000i\000a\000c\000i\000\363\000n\000\040\000d\000e\000l\000\040\000a\000n\000c\000h\000o\000\040\000d\000e\000l\000\040\000s\000u\000s\000t\000r\000a\000t\000o\000\040\000d\000i\000e\000l\000\351\000c\000t\000r\000i\000c\000o}{subsection.222}% 44
\BOOKMARK [2][-]{subsection.245}{\376\377\0003\000.\0003\000.\0002\000\040\000C\000e\000l\000d\000a\000\040\000d\000e\000\040\000Y\000a\000n\000g}{section.221}% 45
\BOOKMARK [1][-]{section.249}{\376\377\0003\000.\0004\000\040\000M\000o\000d\000e\000l\000a\000d\000o\000\040\000p\000o\000r\000\040\000l\000\355\000n\000e\000a\000s\000\040\000d\000e\000\040\000t\000r\000a\000n\000s\000m\000i\000s\000i\000\363\000n}{chapter.206}% 46
\BOOKMARK [2][-]{subsection.252}{\376\377\0003\000.\0004\000.\0001\000\040\000A\000l\000g\000o\000r\000i\000t\000m\000o\000\040\000u\000t\000i\000l\000i\000z\000a\000n\000d\000o\000\040\000p\000r\000o\000g\000r\000a\000m\000a\000c\000i\000\363\000n\000\040\000o\000r\000i\000e\000n\000t\000a\000d\000a\000\040\000a\000\040\000o\000b\000j\000e\000t\000o\000s}{section.249}% 47
\BOOKMARK [0][-]{chapter.285}{\376\377\0004\000\040\000A\000p\000l\000i\000c\000a\000c\000i\000\363\000n\000\040\000d\000e\000\040\000E\000B\000G\000s\000\040\000e\000n\000\040\000e\000s\000t\000r\000u\000c\000t\000u\000r\000a\000s\000\040\000m\000i\000c\000r\000o\000s\000t\000r\000i\000p}{}% 48
\BOOKMARK [1][-]{section.286}{\376\377\0004\000.\0001\000\040\000I\000n\000t\000r\000o\000d\000u\000c\000c\000i\000\363\000n}{chapter.285}% 49
\BOOKMARK [1][-]{section.290}{\376\377\0004\000.\0002\000\040\000D\000i\000s\000e\000\361\000o\000\040\000d\000e\000\040\000u\000n\000a\000\040\000a\000n\000t\000e\000n\000a\000\040\000m\000i\000c\000r\000o\000s\000t\000r\000i\000p}{chapter.285}% 50
\BOOKMARK [1][-]{section.302}{\376\377\0004\000.\0003\000\040\000E\000l\000e\000c\000c\000i\000\363\000n\000\040\000d\000e\000l\000\040\000m\000e\000t\000a\000m\000a\000t\000e\000r\000i\000a\000l}{chapter.285}% 51
\BOOKMARK [1][-]{section.318}{\376\377\0004\000.\0004\000\040\000E\000s\000t\000u\000d\000i\000o\000\040\000d\000e\000l\000\040\000e\000f\000e\000c\000t\000o\000\040\000d\000e\000\040\000l\000a\000\040\000d\000i\000s\000t\000a\000n\000c\000i\000a\000\040\000s\000o\000b\000r\000e\000\040\000e\000l\000\040\000a\000n\000c\000h\000o\000\040\000d\000e\000\040\000b\000a\000n\000d\000a}{chapter.285}% 52
\BOOKMARK [1][-]{section.319}{\376\377\0004\000.\0005\000\040\000E\000s\000t\000u\000d\000i\000o\000\040\000d\000e\000l\000\040\000e\000f\000e\000c\000t\000o\000\040\000s\000o\000b\000r\000e\000\040\000e\000l\000\040\000a\000c\000o\000p\000l\000a\000m\000i\000e\000n\000t\000o\000\040\000m\000u\000t\000u\000o}{chapter.285}% 53
\BOOKMARK [0][-]{chapter.320}{\376\377\0005\000\040\000R\000e\000s\000u\000l\000t\000a\000d\000o\000s\000\040\000e\000x\000p\000e\000r\000i\000m\000e\000n\000t\000a\000l\000e\000s}{}% 54
\BOOKMARK [1][-]{section.321}{\376\377\0005\000.\0001\000\040\000C\000o\000n\000s\000t\000r\000u\000c\000c\000i\000\363\000n\000\040\000d\000e\000l\000\040\000p\000r\000o\000t\000o\000t\000i\000p\000o}{chapter.320}% 55
\BOOKMARK [1][-]{section.322}{\376\377\0005\000.\0002\000\040\000B\000a\000n\000c\000o\000\040\000d\000e\000\040\000m\000e\000d\000i\000c\000i\000\363\000n}{chapter.320}% 56
\BOOKMARK [1][-]{section.323}{\376\377\0005\000.\0003\000\040\000R\000e\000s\000u\000l\000t\000a\000d\000o\000s}{chapter.320}% 57
\BOOKMARK [0][-]{chapter.324}{\376\377\0006\000\040\000C\000o\000n\000c\000l\000u\000s\000i\000o\000n\000e\000s}{}% 58
\BOOKMARK [1][-]{section.325}{\376\377\0006\000.\0001\000\040\000P\000r\000o\000p\000u\000e\000s\000t\000a\000s\000\040\000d\000e\000\040\000t\000r\000a\000b\000a\000j\000o\000s\000\040\000f\000u\000t\000u\000r\000o\000s}{chapter.324}% 59
\BOOKMARK [0][-]{section*.326}{\376\377\000A\000p\000\351\000n\000d\000i\000c\000e\000s}{}% 60
\BOOKMARK [0][-]{appendix.327}{\376\377\000A\000\040\000I\000n\000c\000e\000r\000t\000e\000z\000a\000s\000\040\000e\000n\000\040\000l\000a\000\040\000i\000n\000s\000t\000r\000u\000m\000e\000n\000t\000a\000c\000i\000\363\000n}{}% 61
\BOOKMARK [1][-]{section.328}{\376\377\000A\000.\0001\000\040\000A\000n\000a\000l\000i\000z\000a\000d\000o\000r\000\040\000v\000e\000c\000t\000o\000r\000i\000a\000l\000\040\000d\000e\000\040\000r\000e\000d\000e\000s}{appendix.327}% 62
\BOOKMARK [1][-]{section.349}{\376\377\000A\000.\0002\000\040\000A\000n\000a\000l\000i\000z\000a\000d\000o\000r\000\040\000d\000e\000\040\000e\000s\000p\000e\000c\000t\000r\000o\000s}{appendix.327}% 63
\BOOKMARK [0][-]{appendix.351}{\376\377\000B\000\040\000I\000n\000c\000i\000d\000e\000n\000c\000i\000a\000\040\000d\000e\000\040\000u\000n\000a\000\040\000o\000n\000d\000a\000\040\000p\000l\000a\000n\000a\000\040\000s\000o\000b\000r\000e\000\040\000u\000n\000a\000\040\000i\000n\000t\000e\000r\000f\000a\000z}{}% 64
\BOOKMARK [1][-]{section.368}{\376\377\000B\000.\0001\000\040\000\301\000n\000g\000u\000l\000o\000\040\000d\000e\000\040\000B\000r\000e\000w\000s\000t\000e\000r\000\040\000y\000\040\000\341\000n\000g\000u\000l\000o\000\040\000c\000r\000\355\000t\000i\000c\000o}{appendix.351}% 65
\BOOKMARK [0][-]{appendix.381}{\376\377\000C\000\040\000E\000s\000t\000u\000d\000i\000o\000\040\000d\000e\000\040\000l\000a\000\040\000a\000p\000l\000i\000c\000a\000c\000i\000\363\000n\000\040\000d\000e\000\040\000p\000a\000r\000c\000h\000e\000s\000\040\000c\000a\000r\000g\000a\000\040\000p\000a\000r\000a\000\040\000e\000l\000\040\000a\000u\000m\000e\000n\000t\000o\000\040\000d\000e\000l\000\040\000a\000n\000c\000h\000o\000\040\000d\000e\000\040\000b\000a\000n\000d\000a\000\040\000d\000e\000\040\000u\000n\000a\000\040\000a\000n\000t\000e\000n\000a\000\040\000m\000i\000c\000r\000o\000s\000t\000r\000i\000p}{}% 66
\BOOKMARK [0][-]{dummy.387}{\376\377\000B\000i\000b\000l\000i\000o\000g\000r\000a\000f\000\355\000a}{}% 67
\BOOKMARK [0][-]{appendix*.388}{\376\377\000B\000i\000b\000l\000i\000o\000g\000r\000a\000f\000\355\000a}{}% 68
